{"timestamp": "2026-03-25T17:15:40.803405+00:00", "level": "INFO", "logger": "trading_bot.api", "message": "Received order placement request from web UI.", "event": "web_order_request", "symbol": "BTCUSDT", "side": "BUY", "order_type": "STOP_MARKET"}
{"timestamp": "2026-03-25T17:15:40.803742+00:00", "level": "ERROR", "logger": "trading_bot.api", "message": "Validation failed for web order request.", "event": "validation_error", "error": "quantity must be a valid number."}
{"timestamp": "2026-03-25T17:15:45.701773+00:00", "level": "INFO", "logger": "trading_bot.api", "message": "Received order placement request from web UI.", "event": "web_order_request", "symbol": "BTCUSDT", "side": "BUY", "order_type": "STOP_MARKET"}
{"timestamp": "2026-03-25T17:15:45.701873+00:00", "level": "ERROR", "logger": "trading_bot.api", "message": "Validation failed for web order request.", "event": "validation_error", "error": "stop_price must be a valid number."}
{"timestamp": "2026-03-25T17:15:53.586199+00:00", "level": "INFO", "logger": "trading_bot.api", "message": "Received order placement request from web UI.", "event": "web_order_request", "symbol": "BTCUSDT", "side": "BUY", "order_type": "STOP_MARKET"}
{"timestamp": "2026-03-25T17:15:53.586499+00:00", "level": "ERROR", "logger": "trading_bot.api", "message": "Validation failed for web order request.", "event": "validation_error", "error": "stop_price must be a valid number."}
{"timestamp": "2026-03-25T17:15:54.468854+00:00", "level": "INFO", "logger": "trading_bot.api", "message": "Received order placement request from web UI.", "event": "web_order_request", "symbol": "BTCUSDT", "side": "BUY", "order_type": "STOP_MARKET"}
{"timestamp": "2026-03-25T17:15:54.468970+00:00", "level": "ERROR", "logger": "trading_bot.api", "message": "Validation failed for web order request.", "event": "validation_error", "error": "stop_price must be a valid number."}
{"timestamp": "2026-03-25T17:15:55.018967+00:00", "level": "INFO", "logger": "trading_bot.api", "message": "Received order placement request from web UI.", "event": "web_order_request", "symbol": "BTCUSDT", "side": "BUY", "order_type": "STOP_MARKET"}
{"timestamp": "2026-03-25T17:15:55.019100+00:00", "level": "ERROR", "logger": "trading_bot.api", "message": "Validation failed for web order request.", "event": "validation_error", "error": "stop_price must be a valid number."}
{"timestamp": "2026-03-25T17:18:01.325763+00:00", "level": "INFO", "logger": "trading_bot.api", "message": "Received order placement request from web UI.", "event": "web_order_request", "symbol": "BTCUSDT", "side": "BUY", "order_type": "LIMIT"}
{"timestamp": "2026-03-25T17:18:01.326073+00:00", "level": "ERROR", "logger": "trading_bot.api", "message": "Validation failed for web order request.", "event": "validation_error", "error": "price must be a valid number."}
{"timestamp": "2026-03-25T17:18:02.018991+00:00", "level": "INFO", "logger": "trading_bot.api", "message": "Received order placement request from web UI.", "event": "web_order_request", "symbol": "BTCUSDT", "side": "BUY", "order_type": "LIMIT"}
{"timestamp": "2026-03-25T17:18:02.019120+00:00", "level": "ERROR", "logger": "trading_bot.api", "message": "Validation failed for web order request.", "event": "validation_error", "error": "price must be a valid number."}
{"timestamp": "2026-03-25T17:18:02.569578+00:00", "level": "INFO", "logger": "trading_bot.api", "message": "Received order placement request from web UI.", "event": "web_order_request", "symbol": "BTCUSDT", "side": "BUY", "order_type": "LIMIT"}
{"timestamp": "2026-03-25T17:18:02.569761+00:00", "level": "ERROR", "logger": "trading_bot.api", "message": "Validation failed for web order request.", "event": "validation_error", "error": "price must be a valid number."}
{"timestamp": "2026-03-25T17:18:02.767678+00:00", "level": "INFO", "logger": "trading_bot.api", "message": "Received order placement request from web UI.", "event": "web_order_request", "symbol": "BTCUSDT", "side": "BUY", "order_type": "LIMIT"}
{"timestamp": "2026-03-25T17:18:02.767814+00:00", "level": "ERROR", "logger": "trading_bot.api", "message": "Validation failed for web order request.", "event": "validation_error", "error": "price must be a valid number."}
{"timestamp": "2026-03-25T17:18:02.986334+00:00", "level": "INFO", "logger": "trading_bot.api", "message": "Received order placement request from web UI.", "event": "web_order_request", "symbol": "BTCUSDT", "side": "BUY", "order_type": "LIMIT"}
{"timestamp": "2026-03-25T17:18:02.986531+00:00", "level": "ERROR", "logger": "trading_bot.api", "message": "Validation failed for web order request.", "event": "validation_error", "error": "price must be a valid number."}
{"timestamp": "2026-03-25T17:18:03.184786+00:00", "level": "INFO", "logger": "trading_bot.api", "message": "Received order placement request from web UI.", "event": "web_order_request", "symbol": "BTCUSDT", "side": "BUY", "order_type": "LIMIT"}
{"timestamp": "2026-03-25T17:18:03.184876+00:00", "level": "ERROR", "logger": "trading_bot.api", "message": "Validation failed for web order request.", "event": "validation_error", "error": "price must be a valid number."}
{"timestamp": "2026-03-25T17:18:03.585582+00:00", "level": "INFO", "logger": "trading_bot.api", "message": "Received order placement request from web UI.", "event": "web_order_request", "symbol": "BTCUSDT", "side": "BUY", "order_type": "LIMIT"}
{"timestamp": "2026-03-25T17:18:03.585687+00:00", "level": "ERROR", "logger": "trading_bot.api", "message": "Validation failed for web order request.", "event": "validation_error", "error": "price must be a valid number."}
{"timestamp": "2026-03-25T17:18:03.784953+00:00", "level": "INFO", "logger": "trading_bot.api", "message": "Received order placement request from web UI.", "event": "web_order_request", "symbol": "BTCUSDT", "side": "BUY", "order_type": "LIMIT"}
{"timestamp": "2026-03-25T17:18:03.785054+00:00", "level": "ERROR", "logger": "trading_bot.api", "message": "Validation failed for web order request.", "event": "validation_error", "error": "price must be a valid number."}
{"timestamp": "2026-03-25T17:18:03.967740+00:00", "level": "INFO", "logger": "trading_bot.api", "message": "Received order placement request from web UI.", "event": "web_order_request", "symbol": "BTCUSDT", "side": "BUY", "order_type": "LIMIT"}
{"timestamp": "2026-03-25T17:18:03.967840+00:00", "level": "ERROR", "logger": "trading_bot.api", "message": "Validation failed for web order request.", "event": "validation_error", "error": "price must be a valid number."}
{"timestamp": "2026-03-25T17:18:04.168368+00:00", "level": "INFO", "logger": "trading_bot.api", "message": "Received order placement request from web UI.", "event": "web_order_request", "symbol": "BTCUSDT", "side": "BUY", "order_type": "LIMIT"}
{"timestamp": "2026-03-25T17:18:04.168462+00:00", "level": "ERROR", "logger": "trading_bot.api", "message": "Validation failed for web order request.", "event": "validation_error", "error": "price must be a valid number."}
{"timestamp": "2026-03-25T17:18:04.350739+00:00", "level": "INFO", "logger": "trading_bot.api", "message": "Received order placement request from web UI.", "event": "web_order_request", "symbol": "BTCUSDT", "side": "BUY", "order_type": "LIMIT"}
{"timestamp": "2026-03-25T17:18:04.350867+00:00", "level": "ERROR", "logger": "trading_bot.api", "message": "Validation failed for web order request.", "event": "validation_error", "error": "price must be a valid number."}
{"timestamp": "2026-03-25T17:18:04.534313+00:00", "level": "INFO", "logger": "trading_bot.api", "message": "Received order placement request from web UI.", "event": "web_order_request", "symbol": "BTCUSDT", "side": "BUY", "order_type": "LIMIT"}
{"timestamp": "2026-03-25T17:18:04.534401+00:00", "level": "ERROR", "logger": "trading_bot.api", "message": "Validation failed for web order request.", "event": "validation_error", "error": "price must be a valid number."}
